<?xml version="1.0" encoding="UTF-8"?>
<testsuite xmlns:xsi="http://www.w3.org/2001/XMLSchema-instance" xsi:noNamespaceSchemaLocation="https://maven.apache.org/surefire/maven-surefire-plugin/xsd/surefire-test-report-3.0.xsd" version="3.0" name="com.configurations.demo.DemoApplicationTests" time="6.375" tests="1" errors="0" skipped="0" failures="0">
  <properties>
[...]
</properties>
  <testcase name="contextLoads" classname="com.configurations.demo.DemoApplicationTests" time="1.809">
    <system-out><![CDATA[21:19:20.773 [main] INFO org.springframework.test.context.support.AnnotationConfigContextLoaderUtils -- Could not detect default configuration classes for test class [com.configurations.demo.DemoApplicationTests]: DemoApplicationTests does not declare any static, non-private, non-final, nested classes annotated with @Configuration.
21:19:20.957 [main] INFO org.springframework.boot.test.context.SpringBootTestContextBootstrapper -- Found @SpringBootConfiguration com.configurations.demo.DemoApplication for test class com.configurations.demo.DemoApplicationTests
2025-03-01T21:19:21.585+05:30  INFO 1636 --- [           main] o.s.boot.SpringApplication               : 
  .   ____          _            __ _ _
 /\\ / ___'_ __ _ _(_)_ __  __ _ \ \ \ \
( ( )\___ | '_ | '_| | '_ \/ _` | \ \ \ \
 \\/  ___)| |_)| | | | | || (_| |  ) ) ) )
  '  |____| .__|_| |_|_| |_\__, | / / / /
 =========|_|==============|___/=/_/_/_/
 :: Spring Boot ::                (v3.2.0)


2025-03-01T21:19:21.664+05:30  INFO 1636 --- [           main] c.c.demo.DemoApplicationTests            : Starting DemoApplicationTests using Java 21.0.4 with PID 1636 (started by ACNusrHoneyP in C:\Users\ACNusrHoneyP\Desktop\springForGithub\2spring-boot-rest-crud\2Spring-Boot-configurations)
2025-03-01T21:19:21.671+05:30  INFO 1636 --- [           main] c.c.demo.DemoApplicationTests            : No active profile set, falling back to 1 default profile: "default"
Students Created by @PostConstruct - loadData()
2025-03-01T21:19:24.682+05:30  INFO 1636 --- [           main] o.s.b.a.e.web.EndpointLinksResolver      : Exposing 2 endpoint(s) beneath base path '/actuator'
2025-03-01T21:19:24.709+05:30  INFO 1636 --- [           main] o.s.s.web.DefaultSecurityFilterChain     : Will secure any request with [org.springframework.security.web.session.DisableEncodeUrlFilter@30508066, org.springframework.security.web.context.request.async.WebAsyncManagerIntegrationFilter@9408857, org.springframework.security.web.context.SecurityContextHolderFilter@7b9e25bd, org.springframework.security.web.header.HeaderWriterFilter@16681017, org.springframework.web.filter.CorsFilter@27e44e9c, org.springframework.security.web.csrf.CsrfFilter@40bd0f8, org.springframework.security.web.authentication.logout.LogoutFilter@629075f4, org.springframework.security.web.authentication.UsernamePasswordAuthenticationFilter@463045fb, org.springframework.security.web.authentication.ui.DefaultLoginPageGeneratingFilter@565d7d2f, org.springframework.security.web.authentication.ui.DefaultLogoutPageGeneratingFilter@2f09e6b2, org.springframework.security.web.authentication.www.BasicAuthenticationFilter@3711c71c, org.springframework.security.web.savedrequest.RequestCacheAwareFilter@37e7c4cc, org.springframework.security.web.servletapi.SecurityContextHolderAwareRequestFilter@3a40bb52, org.springframework.security.web.authentication.AnonymousAuthenticationFilter@1bee0085, org.springframework.security.web.access.ExceptionTranslationFilter@4a22e4d7, org.springframework.security.web.access.intercept.AuthorizationFilter@20cff21e]
2025-03-01T21:19:24.853+05:30  INFO 1636 --- [           main] c.c.demo.DemoApplicationTests            : Started DemoApplicationTests in 3.693 seconds (process running for 5.154)
]]></system-out>
    <system-err><![CDATA[WARNING: A Java agent has been loaded dynamically (C:\Users\ACNusrHoneyP\.m2\repository\net\bytebuddy\byte-buddy-agent\1.14.10\byte-buddy-agent-1.14.10.jar)
WARNING: If a serviceability tool is in use, please run with -XX:+EnableDynamicAgentLoading to hide this warning
WARNING: If a serviceability tool is not in use, please run with -Djdk.instrument.traceUsage for more information
WARNING: Dynamic loading of agents will be disallowed by default in a future release
]]></system-err>
  </testcase>
</testsuite>